2025-10-22 22:03:15,243 INFO o.a.j.u.JMeterUtils: Setting Locale to en_EN
2025-10-22 22:03:15,249 INFO o.a.j.JMeter: Loading user properties from: /opt/jmeter/bin/user.properties
2025-10-22 22:03:15,249 INFO o.a.j.JMeter: Loading system properties from: /opt/jmeter/bin/system.properties
2025-10-22 22:03:15,251 INFO o.a.j.JMeter: Copyright (c) 1998-2024 The Apache Software Foundation
2025-10-22 22:03:15,251 INFO o.a.j.JMeter: Version 5.6.3
2025-10-22 22:03:15,251 INFO o.a.j.JMeter: java.version=1.8.0_462
2025-10-22 22:03:15,251 INFO o.a.j.JMeter: java.vm.name=OpenJDK 64-Bit Server VM
2025-10-22 22:03:15,251 INFO o.a.j.JMeter: os.name=Linux
2025-10-22 22:03:15,251 INFO o.a.j.JMeter: os.arch=amd64
2025-10-22 22:03:15,251 INFO o.a.j.JMeter: os.version=6.17.4-zen2-1-zen
2025-10-22 22:03:15,251 INFO o.a.j.JMeter: file.encoding=UTF-8
2025-10-22 22:03:15,251 INFO o.a.j.JMeter: java.awt.headless=true
2025-10-22 22:03:15,251 INFO o.a.j.JMeter: Max memory     =1073741824
2025-10-22 22:03:15,251 INFO o.a.j.JMeter: Available Processors =16
2025-10-22 22:03:15,252 INFO o.a.j.JMeter: Default Locale=English (EN)
2025-10-22 22:03:15,253 INFO o.a.j.JMeter: JMeter  Locale=English (EN)
2025-10-22 22:03:15,253 INFO o.a.j.JMeter: JMeterHome=/opt/jmeter
2025-10-22 22:03:15,253 INFO o.a.j.JMeter: user.dir  =/home/max/Coding/Next.js/assignment-2
2025-10-22 22:03:15,253 INFO o.a.j.JMeter: PWD       =/home/max/Coding/Next.js/assignment-2
2025-10-22 22:03:15,253 INFO o.a.j.JMeter: IP: 192.168.0.19 Name: arch-HEIMAT FullName: arch-HEIMAT
2025-10-22 22:03:15,259 INFO o.a.j.JMeter: Setting property 'jmeter.reportgenerator.outputdir' to:'/home/max/Coding/Next.js/assignment-2/jmeter-report'
2025-10-22 22:03:15,261 INFO o.a.j.r.d.ReportGenerator: ReportGenerator will use for Parsing the separator: ','
2025-10-22 22:03:15,261 INFO o.a.j.r.d.ReportGenerator: Will only generate report from results file: jmeter-results.jtl
2025-10-22 22:03:15,261 INFO o.a.j.r.d.ReportGenerator: Reading report generator properties from: /opt/jmeter/bin/reportgenerator.properties
2025-10-22 22:03:15,261 INFO o.a.j.r.d.ReportGenerator: Merging with JMeter properties
2025-10-22 22:03:15,263 INFO o.a.j.r.c.ReportGeneratorConfiguration: Property 'jmeter.reportgenerator.temp_dir' not found, using default value 'temp' instead.
2025-10-22 22:03:15,264 INFO o.a.j.r.c.ReportGeneratorConfiguration: Property 'jmeter.reportgenerator.apdex_per_transaction' not found, using default value 'null' instead.
2025-10-22 22:03:15,267 INFO o.a.j.r.c.ReportGeneratorConfiguration: apdex_per_transaction is empty, not APDEX per transaction customization
2025-10-22 22:03:15,267 INFO o.a.j.r.c.ReportGeneratorConfiguration: Property 'jmeter.reportgenerator.sample_filter' not found, using default value 'null' instead.
2025-10-22 22:03:15,267 INFO o.a.j.r.c.ReportGeneratorConfiguration: Property 'jmeter.reportgenerator.report_title' not found, using default value 'null' instead.
2025-10-22 22:03:15,267 INFO o.a.j.r.c.ReportGeneratorConfiguration: Property 'jmeter.reportgenerator.start_date' not found, using default value 'null' instead.
2025-10-22 22:03:15,267 INFO o.a.j.r.c.ReportGeneratorConfiguration: Property 'jmeter.reportgenerator.end_date' not found, using default value 'null' instead.
2025-10-22 22:03:15,267 INFO o.a.j.r.c.ReportGeneratorConfiguration: Property 'jmeter.reportgenerator.date_format' not found, using default value 'null' instead.
2025-10-22 22:03:15,267 INFO o.a.j.r.c.ReportGeneratorConfiguration: Will use date range start date: null, end date: null
2025-10-22 22:03:15,269 INFO o.a.j.r.c.ReportGeneratorConfiguration: Property 'jmeter.reportgenerator.graph.totalTPS.exclude_controllers' not found, using default value 'false' instead.
2025-10-22 22:03:15,269 INFO o.a.j.r.c.ReportGeneratorConfiguration: Property 'jmeter.reportgenerator.graph.activeThreadsOverTime.exclude_controllers' not found, using default value 'false' instead.
2025-10-22 22:03:15,269 INFO o.a.j.r.c.ReportGeneratorConfiguration: Property 'jmeter.reportgenerator.graph.timeVsThreads.exclude_controllers' not found, using default value 'false' instead.
2025-10-22 22:03:15,269 INFO o.a.j.r.c.ReportGeneratorConfiguration: Property 'jmeter.reportgenerator.graph.responseTimeDistribution.exclude_controllers' not found, using default value 'false' instead.
2025-10-22 22:03:15,269 INFO o.a.j.r.c.ReportGeneratorConfiguration: Property 'jmeter.reportgenerator.graph.transactionsPerSecond.exclude_controllers' not found, using default value 'false' instead.
2025-10-22 22:03:15,269 INFO o.a.j.r.c.ReportGeneratorConfiguration: Property 'jmeter.reportgenerator.graph.responseTimePercentiles.exclude_controllers' not found, using default value 'false' instead.
2025-10-22 22:03:15,269 INFO o.a.j.r.c.ReportGeneratorConfiguration: Property 'jmeter.reportgenerator.graph.responseTimePercentilesOverTime.exclude_controllers' not found, using default value 'false' instead.
2025-10-22 22:03:15,269 INFO o.a.j.r.c.ReportGeneratorConfiguration: Property 'jmeter.reportgenerator.graph.responseTimesOverTime.exclude_controllers' not found, using default value 'false' instead.
2025-10-22 22:03:15,270 INFO o.a.j.r.c.ReportGeneratorConfiguration: Property 'jmeter.reportgenerator.graph.connectTimeOverTime.exclude_controllers' not found, using default value 'false' instead.
2025-10-22 22:03:15,270 INFO o.a.j.r.c.ReportGeneratorConfiguration: Property 'jmeter.reportgenerator.graph.latenciesOverTime.exclude_controllers' not found, using default value 'false' instead.
2025-10-22 22:03:15,270 INFO o.a.j.r.c.ReportGeneratorConfiguration: Property 'jmeter.reportgenerator.exporter.json.filters_only_sample_series' not found, using default value 'true' instead.
2025-10-22 22:03:15,270 INFO o.a.j.r.c.ReportGeneratorConfiguration: Property 'jmeter.reportgenerator.exporter.json.series_filter' not found, using default value '' instead.
2025-10-22 22:03:15,270 INFO o.a.j.r.c.ReportGeneratorConfiguration: Property 'jmeter.reportgenerator.exporter.json.show_controllers_only' not found, using default value 'false' instead.
2025-10-22 22:03:15,270 INFO o.a.j.r.c.ReportGeneratorConfiguration: Property 'jmeter.reportgenerator.exporter.html.filters_only_sample_series' not found, using default value 'true' instead.
2025-10-22 22:03:15,270 INFO o.a.j.r.c.ReportGeneratorConfiguration: Property 'jmeter.reportgenerator.exporter.html.series_filter' not found, using default value '' instead.
2025-10-22 22:03:15,270 INFO o.a.j.r.c.ReportGeneratorConfiguration: Property 'jmeter.reportgenerator.exporter.html.show_controllers_only' not found, using default value 'false' instead.
2025-10-22 22:03:15,319 INFO o.a.j.s.SaveService: Testplan (JMX) version: 2.2. Testlog (JTL) version: 2.2
2025-10-22 22:03:15,325 INFO o.a.j.s.SaveService: Using SaveService properties file encoding UTF-8
2025-10-22 22:03:15,327 INFO o.a.j.s.SaveService: Using SaveService properties version 5.0
2025-10-22 22:03:15,339 INFO o.a.j.r.p.NormalizerSampleConsumer: Using format, 'ms', to parse timeStamp field
2025-10-22 22:03:15,386 INFO o.a.j.r.p.AbstractSampleConsumer: class org.apache.jmeter.report.processor.AggregateConsumer#stopProducing(): beginDate produced 0 samples
2025-10-22 22:03:15,386 INFO o.a.j.r.p.AbstractSampleConsumer: class org.apache.jmeter.report.processor.AggregateConsumer#stopProducing(): endDate produced 0 samples
2025-10-22 22:03:15,387 INFO o.a.j.r.p.AbstractSampleConsumer: class org.apache.jmeter.report.processor.ApdexSummaryConsumer#stopProducing(): apdexSummary produced 0 samples
2025-10-22 22:03:15,387 INFO o.a.j.r.p.AbstractSampleConsumer: class org.apache.jmeter.report.processor.RequestsSummaryConsumer#stopProducing(): requestsSummary produced 0 samples
2025-10-22 22:03:15,389 INFO o.a.j.r.p.AbstractSampleConsumer: class org.apache.jmeter.report.processor.StatisticsSummaryConsumer#stopProducing(): statisticsSummary produced 0 samples
2025-10-22 22:03:15,399 INFO o.a.j.r.p.AbstractSampleConsumer: class org.apache.jmeter.report.processor.Top5ErrorsBySamplerConsumer#stopProducing(): top5ErrorsBySampler produced 0 samples
2025-10-22 22:03:15,399 INFO o.a.j.r.p.AbstractSampleConsumer: class org.apache.jmeter.report.processor.ErrorsSummaryConsumer#stopProducing(): errorsSummary produced 0 samples
2025-10-22 22:03:15,399 INFO o.a.j.r.p.AbstractSampleConsumer: class org.apache.jmeter.report.processor.graph.impl.HitsPerSecondGraphConsumer#stopProducing(): hitsPerSecond produced 0 samples
2025-10-22 22:03:15,409 INFO o.a.j.r.p.AbstractSampleConsumer: class org.apache.jmeter.report.processor.graph.impl.LatencyVSRequestGraphConsumer#stopProducing(): latencyVsRequest produced 0 samples
2025-10-22 22:03:15,410 INFO o.a.j.r.p.AbstractSampleConsumer: class org.apache.jmeter.report.processor.graph.impl.SyntheticResponseTimeDistributionGraphConsumer#stopProducing(): syntheticResponseTimeDistribution produced 0 samples
2025-10-22 22:03:15,410 INFO o.a.j.r.p.AbstractSampleConsumer: class org.apache.jmeter.report.processor.graph.impl.BytesThroughputGraphConsumer#stopProducing(): bytesThroughputOverTime produced 0 samples
2025-10-22 22:03:15,410 INFO o.a.j.r.p.AbstractSampleConsumer: class org.apache.jmeter.report.processor.graph.impl.CodesPerSecondGraphConsumer#stopProducing(): codesPerSecond produced 0 samples
2025-10-22 22:03:15,413 INFO o.a.j.r.p.AbstractSampleConsumer: class org.apache.jmeter.report.processor.graph.impl.ResponseTimeVSRequestGraphConsumer#stopProducing(): responseTimeVsRequest produced 0 samples
2025-10-22 22:03:15,413 INFO o.a.j.r.p.AbstractSampleConsumer: class org.apache.jmeter.report.processor.FilterConsumer#stopProducing(): startIntervalControlerFilter produced 2730 samples
2025-10-22 22:03:15,413 INFO o.a.j.r.p.AbstractSampleConsumer: class org.apache.jmeter.report.processor.graph.impl.TotalTPSGraphConsumer#stopProducing(): totalTPS produced 0 samples
2025-10-22 22:03:15,413 INFO o.a.j.r.p.AbstractSampleConsumer: class org.apache.jmeter.report.processor.graph.impl.ActiveThreadsGraphConsumer#stopProducing(): activeThreadsOverTime produced 0 samples
2025-10-22 22:03:15,413 INFO o.a.j.r.p.AbstractSampleConsumer: class org.apache.jmeter.report.processor.graph.impl.TimeVSThreadGraphConsumer#stopProducing(): timeVsThreads produced 0 samples
2025-10-22 22:03:15,414 INFO o.a.j.r.p.AbstractSampleConsumer: class org.apache.jmeter.report.processor.graph.impl.ResponseTimeDistributionGraphConsumer#stopProducing(): responseTimeDistribution produced 0 samples
2025-10-22 22:03:15,414 INFO o.a.j.r.p.AbstractSampleConsumer: class org.apache.jmeter.report.processor.graph.impl.TransactionsPerSecondGraphConsumer#stopProducing(): transactionsPerSecond produced 0 samples
2025-10-22 22:03:15,414 INFO o.a.j.r.p.AbstractSampleConsumer: class org.apache.jmeter.report.processor.graph.impl.ResponseTimePercentilesGraphConsumer#stopProducing(): responseTimePercentiles produced 0 samples
2025-10-22 22:03:15,416 INFO o.a.j.r.p.AbstractSampleConsumer: class org.apache.jmeter.report.processor.graph.impl.ResponseTimePercentilesOverTimeGraphConsumer#stopProducing(): responseTimePercentilesOverTime produced 0 samples
2025-10-22 22:03:15,416 INFO o.a.j.r.p.AbstractSampleConsumer: class org.apache.jmeter.report.processor.graph.impl.ResponseTimeOverTimeGraphConsumer#stopProducing(): responseTimesOverTime produced 0 samples
2025-10-22 22:03:15,417 INFO o.a.j.r.p.AbstractSampleConsumer: class org.apache.jmeter.report.processor.graph.impl.ConnectTimeOverTimeGraphConsumer#stopProducing(): connectTimeOverTime produced 0 samples
2025-10-22 22:03:15,417 INFO o.a.j.r.p.AbstractSampleConsumer: class org.apache.jmeter.report.processor.graph.impl.LatencyOverTimeGraphConsumer#stopProducing(): latenciesOverTime produced 0 samples
2025-10-22 22:03:15,417 INFO o.a.j.r.p.AbstractSampleConsumer: class org.apache.jmeter.report.processor.FilterConsumer#stopProducing(): nameFilter produced 5850 samples
2025-10-22 22:03:15,417 INFO o.a.j.r.p.AbstractSampleConsumer: class org.apache.jmeter.report.processor.FilterConsumer#stopProducing(): dateRangeFilter produced 1170 samples
2025-10-22 22:03:15,417 INFO o.a.j.r.p.AbstractSampleConsumer: class org.apache.jmeter.report.processor.NormalizerSampleConsumer#stopProducing(): normalizer produced 390 samples
2025-10-22 22:03:15,417 INFO o.a.j.r.p.CsvFileSampleSource: produce(): 390 samples produced in 68ms on channel 0
2025-10-22 22:03:15,417 INFO o.a.j.r.d.ReportGenerator: Exporting data using exporter:'json' of className:'org.apache.jmeter.report.dashboard.JsonExporter'
2025-10-22 22:03:15,462 INFO o.a.j.r.d.JsonExporter: Found data for consumer statisticsSummary in context
2025-10-22 22:03:15,462 INFO o.a.j.r.d.JsonExporter: Creating statistics for overall
2025-10-22 22:03:15,463 INFO o.a.j.r.d.JsonExporter: Creating statistics for other transactions
2025-10-22 22:03:15,463 INFO o.a.j.r.d.JsonExporter: Checking output folder
2025-10-22 22:03:15,463 INFO o.a.j.r.d.JsonExporter: Writing statistics JSON to /home/max/Coding/Next.js/assignment-2/jmeter-report/statistics.json
2025-10-22 22:03:15,484 INFO o.a.j.r.d.ReportGenerator: Exporting data using exporter:'html' of className:'org.apache.jmeter.report.dashboard.HtmlTemplateExporter'
2025-10-22 22:03:15,485 INFO o.a.j.r.d.HtmlTemplateExporter: Will generate dashboard in folder: /home/max/Coding/Next.js/assignment-2/jmeter-report
2025-10-22 22:03:15,555 INFO o.a.j.r.d.HtmlTemplateExporter: Report will be generated in: /home/max/Coding/Next.js/assignment-2/jmeter-report, creating folder structure
2025-10-22 22:03:15,556 INFO o.a.j.r.d.TemplateVisitor: Copying folder from '/opt/jmeter/bin/report-template' to '/home/max/Coding/Next.js/assignment-2/jmeter-report', got message: /home/max/Coding/Next.js/assignment-2/jmeter-report, found non empty folder with following content [/home/max/Coding/Next.js/assignment-2/jmeter-report/statistics.json], will be ignored
